TN:
SF:src\app.ts
FN:12,(anonymous_1)
FN:17,(anonymous_2)
FN:31,(anonymous_3)
FNF:3
FNH:3
FNDA:2,(anonymous_1)
FNDA:20,(anonymous_2)
FNDA:7,(anonymous_3)
DA:2,2
DA:3,2
DA:4,2
DA:5,2
DA:7,2
DA:10,2
DA:12,2
DA:15,2
DA:18,20
DA:19,8
DA:20,7
DA:21,1
DA:27,2
DA:28,2
DA:31,7
DA:33,2
DA:35,2
LF:17
LH:17
BRDA:10,0,0,2
BRDA:10,0,1,1
BRDA:18,1,0,12
BRDA:19,2,0,7
BRDA:19,3,0,8
BRDA:19,3,1,1
BRF:6
BRH:6
end_of_record
TN:
SF:src\controllers\auth.controller.ts
FN:12,setRefreshCookie
FN:23,signAccess
FN:26,signRefresh
FN:32,(anonymous_4)
FN:75,(anonymous_5)
FN:101,(anonymous_6)
FN:119,(anonymous_7)
FNF:7
FNH:7
FNDA:5,setRefreshCookie
FNDA:5,signAccess
FNDA:5,signRefresh
FNDA:7,(anonymous_4)
FNDA:8,(anonymous_5)
FNDA:7,(anonymous_6)
FNDA:2,(anonymous_7)
DA:2,2
DA:3,2
DA:4,2
DA:6,2
DA:7,2
DA:8,2
DA:9,2
DA:10,2
DA:13,5
DA:14,5
DA:24,5
DA:27,5
DA:32,2
DA:33,7
DA:43,7
DA:44,7
DA:45,2
DA:48,5
DA:49,1
DA:50,4
DA:51,4
DA:52,3
DA:53,3
DA:62,1
DA:63,1
DA:64,1
DA:65,1
DA:66,1
DA:68,2
DA:75,2
DA:76,8
DA:77,8
DA:78,8
DA:79,3
DA:82,5
DA:83,3
DA:84,2
DA:88,2
DA:89,1
DA:90,1
DA:91,1
DA:92,1
DA:93,1
DA:95,2
DA:101,2
DA:102,7
DA:103,7
DA:104,7
DA:105,5
DA:106,4
DA:107,4
DA:108,3
DA:109,3
DA:110,3
DA:111,3
DA:113,1
DA:119,2
DA:120,2
DA:121,2
LF:59
LH:59
BRDA:6,0,0,2
BRDA:6,0,1,0
BRDA:7,1,0,2
BRDA:7,1,1,0
BRDA:13,2,0,5
BRDA:13,2,1,4
BRDA:20,3,0,1
BRDA:20,3,1,4
BRDA:44,4,0,2
BRDA:44,5,0,7
BRDA:44,5,1,6
BRDA:44,5,2,6
BRDA:48,6,0,1
BRDA:51,7,0,1
BRDA:78,8,0,3
BRDA:78,9,0,8
BRDA:78,9,1,6
BRDA:83,10,0,1
BRDA:88,11,0,1
BRDA:97,12,0,2
BRDA:97,12,1,1
BRDA:104,13,0,2
BRDA:107,14,0,1
BRF:23
BRH:21
end_of_record
TN:
SF:src\controllers\feeling.controller.ts
FN:7,validateDay
FN:11,badFeeling
FN:21,createEntrada
FN:68,createSaida
FN:114,list
FN:135,(anonymous_11)
FN:149,updateEntrada
FN:193,updateSaida
FNF:8
FNH:8
FNDA:42,validateDay
FNDA:29,badFeeling
FNDA:12,createEntrada
FNDA:10,createSaida
FNDA:8,list
FNDA:8,(anonymous_11)
FNDA:8,updateEntrada
FNDA:10,updateSaida
DA:2,2
DA:5,2
DA:8,42
DA:12,29
DA:22,12
DA:23,12
DA:24,12
DA:26,11
DA:28,11
DA:29,2
DA:33,9
DA:34,2
DA:40,7
DA:54,6
DA:56,1
DA:69,10
DA:70,10
DA:71,10
DA:73,9
DA:75,9
DA:76,1
DA:80,8
DA:81,1
DA:87,7
DA:101,6
DA:103,1
DA:115,8
DA:116,8
DA:117,8
DA:119,7
DA:121,7
DA:122,7
DA:123,5
DA:124,1
DA:126,4
DA:127,1
DA:129,3
DA:130,3
DA:131,3
DA:134,5
DA:135,8
DA:137,1
DA:150,8
DA:151,8
DA:152,8
DA:154,7
DA:155,7
DA:157,7
DA:158,3
DA:162,4
DA:163,1
DA:169,3
DA:175,2
DA:176,1
DA:178,1
DA:180,1
DA:194,10
DA:195,10
DA:196,10
DA:198,9
DA:199,9
DA:201,9
DA:202,1
DA:206,8
DA:207,5
DA:213,3
DA:219,2
DA:220,1
DA:222,1
DA:224,1
DA:230,2
LF:71
LH:71
BRDA:8,0,0,42
BRDA:8,0,1,41
BRDA:12,1,0,29
BRDA:12,1,1,24
BRDA:24,2,0,1
BRDA:26,3,0,11
BRDA:26,3,1,0
BRDA:28,4,0,2
BRDA:33,5,0,2
BRDA:58,6,0,1
BRDA:58,6,1,0
BRDA:71,7,0,1
BRDA:73,8,0,9
BRDA:73,8,1,0
BRDA:75,9,0,1
BRDA:80,10,0,1
BRDA:105,11,0,1
BRDA:105,11,1,0
BRDA:117,12,0,1
BRDA:122,13,0,5
BRDA:122,14,0,7
BRDA:122,14,1,4
BRDA:123,15,0,1
BRDA:123,16,0,5
BRDA:123,16,1,3
BRDA:126,17,0,1
BRDA:126,18,0,4
BRDA:126,18,1,3
BRDA:130,19,0,2
BRDA:131,20,0,2
BRDA:139,21,0,1
BRDA:139,21,1,0
BRDA:152,22,0,1
BRDA:155,23,0,7
BRDA:155,23,1,0
BRDA:157,24,0,3
BRDA:162,25,0,1
BRDA:175,26,0,1
BRDA:182,27,0,1
BRDA:182,27,1,0
BRDA:196,28,0,1
BRDA:199,29,0,9
BRDA:199,29,1,0
BRDA:201,30,0,1
BRDA:206,31,0,5
BRDA:219,32,0,1
BRDA:226,33,0,1
BRDA:226,33,1,0
BRF:48
BRH:39
end_of_record
TN:
SF:src\controllers\feeling_bot.controller.ts
FN:10,list
FN:33,deleteByDay
FN:75,deleteAll
FNF:3
FNH:3
FNDA:6,list
FNDA:16,deleteByDay
FNDA:7,deleteAll
DA:2,2
DA:4,2
DA:11,6
DA:12,6
DA:13,6
DA:14,2
DA:16,4
DA:17,2
DA:18,1
DA:21,1
DA:23,2
DA:34,16
DA:35,16
DA:36,16
DA:37,2
DA:39,14
DA:40,14
DA:41,6
DA:44,8
DA:45,6
DA:46,3
DA:51,3
DA:52,2
DA:57,1
DA:58,1
DA:60,1
DA:65,2
DA:76,7
DA:77,7
DA:78,7
DA:79,2
DA:81,5
DA:82,3
DA:83,2
DA:88,1
DA:92,2
DA:98,2
LF:37
LH:37
BRDA:13,0,0,2
BRDA:17,1,0,1
BRDA:24,2,0,2
BRDA:24,2,1,1
BRDA:36,3,0,2
BRDA:40,4,0,6
BRDA:40,5,0,14
BRDA:40,5,1,13
BRDA:45,6,0,3
BRDA:51,7,0,2
BRDA:66,8,0,2
BRDA:66,8,1,1
BRDA:78,9,0,2
BRDA:82,10,0,2
BRDA:93,11,0,2
BRDA:93,11,1,1
BRF:16
BRH:16
end_of_record
TN:
SF:src\controllers\user.controller.ts
FN:5,(anonymous_1)
FN:6,(anonymous_2)
FN:38,(anonymous_3)
FN:132,(anonymous_4)
FN:48,(anonymous_5)
FN:68,(anonymous_6)
FN:75,(anonymous_7)
FN:82,(anonymous_8)
FN:122,(anonymous_9)
FNF:9
FNH:9
FNDA:2,(anonymous_1)
FNDA:6,(anonymous_2)
FNDA:2,(anonymous_3)
FNDA:5,(anonymous_4)
FNDA:6,(anonymous_5)
FNDA:2,(anonymous_6)
FNDA:2,(anonymous_7)
FNDA:8,(anonymous_8)
FNDA:2,(anonymous_9)
DA:2,2
DA:3,2
DA:6,2
DA:7,6
DA:17,6
DA:18,6
DA:19,1
DA:20,1
DA:22,5
DA:23,5
DA:32,5
DA:33,1
DA:35,4
DA:36,1
DA:37,3
DA:38,2
DA:39,1
DA:41,2
DA:49,6
DA:50,6
DA:51,1
DA:52,5
DA:54,5
DA:56,5
DA:57,3
DA:58,1
DA:59,2
DA:61,2
DA:69,2
DA:72,2
DA:76,2
DA:77,2
DA:78,2
DA:79,1
DA:83,8
DA:84,8
DA:94,8
DA:95,8
DA:103,8
DA:104,2
DA:105,1
DA:106,1
DA:108,1
DA:110,7
DA:114,3
DA:115,1
DA:117,4
DA:118,1
DA:121,3
DA:122,2
DA:123,1
DA:125,2
DA:132,2
DA:133,5
DA:134,5
DA:135,5
DA:136,5
DA:137,4
DA:138,1
DA:139,1
DA:141,3
DA:142,3
DA:143,3
DA:144,3
DA:145,3
DA:146,3
DA:147,3
DA:149,1
DA:156,2
LF:69
LH:69
BRDA:18,0,0,1
BRDA:35,1,0,1
BRDA:35,1,1,3
BRDA:37,2,0,1
BRDA:37,2,1,2
BRDA:43,3,0,2
BRDA:43,3,1,1
BRDA:137,4,0,1
BRDA:141,5,0,2
BRDA:142,6,0,2
BRDA:143,7,0,1
BRDA:144,8,0,1
BRDA:145,9,0,1
BRDA:50,10,0,1
BRDA:54,11,0,5
BRDA:54,11,1,4
BRDA:57,12,0,1
BRDA:78,13,0,1
BRDA:78,13,1,1
BRDA:103,14,0,2
BRDA:103,15,0,8
BRDA:103,15,1,6
BRDA:104,16,0,1
BRDA:114,17,0,2
BRDA:114,17,1,1
BRDA:117,18,0,1
BRDA:117,18,1,3
BRDA:121,19,0,1
BRDA:121,19,1,2
BRDA:127,20,0,2
BRDA:127,20,1,1
BRF:31
BRH:31
end_of_record
TN:
SF:src\database\connection.ts
FN:4,connect
FN:6,(anonymous_2)
FN:7,(anonymous_3)
FN:8,(anonymous_4)
FN:11,(anonymous_5)
FN:14,(anonymous_6)
FN:17,(anonymous_7)
FN:18,(anonymous_8)
FN:28,(anonymous_9)
FNF:9
FNH:9
FNDA:28,connect
FNDA:1,(anonymous_2)
FNDA:1,(anonymous_3)
FNDA:1,(anonymous_4)
FNDA:1,(anonymous_5)
FNDA:1,(anonymous_6)
FNDA:1,(anonymous_7)
FNDA:1,(anonymous_8)
FNDA:3,(anonymous_9)
DA:2,1
DA:4,1
DA:6,28
DA:7,28
DA:8,28
DA:9,1
DA:11,28
DA:12,1
DA:14,28
DA:15,1
DA:17,28
DA:18,28
DA:20,28
DA:25,27
DA:28,27
DA:29,3
DA:30,3
DA:31,2
DA:32,2
DA:34,1
DA:35,1
LF:21
LH:21
BRF:0
BRH:0
end_of_record
TN:
SF:src\models\feeling.model.ts
FN:42,(anonymous_6)
FN:64,(anonymous_7)
FNF:2
FNH:2
FNDA:2,(anonymous_6)
FNDA:1,(anonymous_7)
DA:1,3
DA:4,3
DA:28,3
DA:30,3
DA:42,2
DA:65,1
DA:66,1
DA:67,1
DA:74,3
DA:77,3
DA:80,3
DA:83,3
LF:12
LH:12
BRDA:80,0,0,3
BRDA:80,0,1,3
BRF:2
BRH:2
end_of_record
TN:
SF:src\models\feeling_bot.model.ts
FN:50,(anonymous_6)
FN:58,(anonymous_7)
FN:66,(anonymous_8)
FNF:3
FNH:3
FNDA:2,(anonymous_6)
FNDA:5,(anonymous_7)
FNDA:5,(anonymous_8)
DA:1,3
DA:23,3
DA:31,3
DA:51,2
DA:52,2
DA:53,2
DA:56,2
DA:57,2
DA:58,5
DA:66,5
DA:67,2
DA:75,3
DA:78,3
DA:81,3
LF:14
LH:14
BRDA:56,0,0,2
BRDA:56,1,0,2
BRDA:56,1,1,2
BRDA:66,2,0,3
BRDA:66,2,1,2
BRDA:66,3,0,2
BRDA:66,3,1,0
BRDA:78,4,0,3
BRDA:78,4,1,3
BRF:9
BRH:8
end_of_record
TN:
SF:src\models\user.model.ts
FN:20,(anonymous_6)
FN:24,(anonymous_7)
FN:28,(anonymous_8)
FN:32,(anonymous_9)
FN:54,(anonymous_10)
FN:63,(anonymous_11)
FN:71,(anonymous_12)
FN:97,(anonymous_13)
FNF:8
FNH:8
FNDA:1,(anonymous_6)
FNDA:1,(anonymous_7)
FNDA:1,(anonymous_8)
FNDA:1,(anonymous_9)
FNDA:1,(anonymous_10)
FNDA:1,(anonymous_11)
FNDA:1,(anonymous_12)
FNDA:1,(anonymous_13)
DA:1,4
DA:16,4
DA:17,4
DA:18,4
DA:20,1
DA:24,1
DA:28,1
DA:32,1
DA:37,4
DA:54,1
DA:63,1
DA:71,1
DA:98,1
DA:99,1
DA:100,1
DA:101,1
DA:107,4
DA:108,4
LF:18
LH:18
BRF:0
BRH:0
end_of_record
TN:
SF:src\routes\auth.routes.ts
FNF:0
FNH:0
DA:1,1
DA:2,1
DA:9,1
DA:10,1
DA:11,1
DA:12,1
DA:13,1
DA:14,1
LF:8
LH:8
BRF:0
BRH:0
end_of_record
TN:
SF:src\routes\feeling.routes.ts
FNF:0
FNH:0
DA:1,2
DA:2,2
DA:3,2
DA:5,2
DA:8,2
DA:15,2
DA:16,2
DA:22,2
DA:29,2
DA:30,2
DA:32,2
LF:11
LH:11
BRF:0
BRH:0
end_of_record
TN:
SF:src\routes\feeling_bot.routes.ts
FNF:0
FNH:0
DA:1,2
DA:2,2
DA:3,2
DA:5,2
DA:8,2
DA:10,2
DA:12,2
DA:14,2
DA:16,2
LF:9
LH:9
BRF:0
BRH:0
end_of_record
TN:
SF:src\routes\index.ts
FNF:0
FNH:0
DA:2,1
DA:3,1
DA:4,1
DA:5,1
DA:6,1
DA:8,1
DA:11,1
DA:12,1
DA:15,1
DA:16,1
DA:17,1
DA:18,1
DA:21,1
DA:24,1
DA:26,1
LF:15
LH:15
BRF:0
BRH:0
end_of_record
TN:
SF:src\routes\user.routes.ts
FNF:0
FNH:0
DA:1,1
DA:2,1
DA:3,1
DA:5,1
DA:8,1
DA:10,1
DA:11,1
DA:12,1
DA:13,1
DA:14,1
DA:15,1
DA:16,1
DA:18,1
LF:13
LH:13
BRF:0
BRH:0
end_of_record
TN:
SF:src\security\auth.middleware.ts
FN:10,authGuard
FNF:1
FNH:1
FNDA:15,authGuard
DA:2,2
DA:4,2
DA:10,2
DA:11,15
DA:12,15
DA:14,15
DA:15,11
DA:18,4
DA:19,4
DA:20,2
DA:21,2
DA:23,2
LF:12
LH:12
BRDA:11,0,0,15
BRDA:11,0,1,10
BRDA:14,1,0,11
BRF:3
BRH:3
end_of_record
