TN:
SF:src\controllers\feeling.controller.ts
FN:7,validateDay
FN:11,badFeeling
FN:21,createEntrada
FN:68,createSaida
FN:114,list
FN:135,(anonymous_11)
FN:149,updateEntrada
FN:193,updateSaida
FNF:8
FNH:8
FNDA:35,validateDay
FNDA:25,badFeeling
FNDA:12,createEntrada
FNDA:10,createSaida
FNDA:8,list
FNDA:8,(anonymous_11)
FNDA:6,updateEntrada
FNDA:5,updateSaida
DA:2,1
DA:5,1
DA:8,35
DA:12,25
DA:22,12
DA:23,12
DA:24,12
DA:26,11
DA:28,11
DA:29,2
DA:33,9
DA:34,2
DA:40,7
DA:54,6
DA:56,1
DA:69,10
DA:70,10
DA:71,10
DA:73,9
DA:75,9
DA:76,1
DA:80,8
DA:81,1
DA:87,7
DA:101,6
DA:103,1
DA:115,8
DA:116,8
DA:117,8
DA:119,7
DA:121,7
DA:122,7
DA:123,5
DA:124,1
DA:126,4
DA:127,1
DA:129,3
DA:130,3
DA:131,3
DA:134,5
DA:135,8
DA:137,1
DA:150,6
DA:151,6
DA:152,6
DA:154,5
DA:155,5
DA:157,5
DA:158,1
DA:162,4
DA:163,1
DA:169,3
DA:175,2
DA:176,1
DA:178,1
DA:180,1
DA:194,5
DA:195,5
DA:196,5
DA:198,4
DA:199,4
DA:201,4
DA:202,0
DA:206,4
DA:207,1
DA:213,3
DA:219,2
DA:220,1
DA:222,1
DA:224,1
DA:230,1
LF:71
LH:70
BRDA:8,0,0,35
BRDA:8,0,1,34
BRDA:12,1,0,25
BRDA:12,1,1,24
BRDA:24,2,0,1
BRDA:26,3,0,11
BRDA:26,3,1,0
BRDA:28,4,0,2
BRDA:33,5,0,2
BRDA:58,6,0,1
BRDA:58,6,1,0
BRDA:71,7,0,1
BRDA:73,8,0,9
BRDA:73,8,1,0
BRDA:75,9,0,1
BRDA:80,10,0,1
BRDA:105,11,0,1
BRDA:105,11,1,0
BRDA:117,12,0,1
BRDA:122,13,0,5
BRDA:122,14,0,7
BRDA:122,14,1,4
BRDA:123,15,0,1
BRDA:123,16,0,5
BRDA:123,16,1,3
BRDA:126,17,0,1
BRDA:126,18,0,4
BRDA:126,18,1,3
BRDA:130,19,0,2
BRDA:131,20,0,2
BRDA:139,21,0,1
BRDA:139,21,1,0
BRDA:152,22,0,1
BRDA:155,23,0,5
BRDA:155,23,1,0
BRDA:157,24,0,1
BRDA:162,25,0,1
BRDA:175,26,0,1
BRDA:182,27,0,1
BRDA:182,27,1,0
BRDA:196,28,0,1
BRDA:199,29,0,4
BRDA:199,29,1,0
BRDA:201,30,0,0
BRDA:206,31,0,1
BRDA:219,32,0,1
BRDA:226,33,0,1
BRDA:226,33,1,0
BRF:48
BRH:38
end_of_record
TN:
SF:src\controllers\feeling_bot.controller.ts
FN:10,list
FN:33,deleteByDay
FN:75,deleteAll
FNF:3
FNH:3
FNDA:6,list
FNDA:16,deleteByDay
FNDA:7,deleteAll
DA:2,1
DA:4,1
DA:11,6
DA:12,6
DA:13,6
DA:14,2
DA:16,4
DA:17,2
DA:18,1
DA:21,1
DA:23,2
DA:34,16
DA:35,16
DA:36,16
DA:37,2
DA:39,14
DA:40,14
DA:41,6
DA:44,8
DA:45,6
DA:46,3
DA:51,3
DA:52,2
DA:57,1
DA:58,1
DA:60,1
DA:65,2
DA:76,7
DA:77,7
DA:78,7
DA:79,2
DA:81,5
DA:82,3
DA:83,2
DA:88,1
DA:92,2
DA:98,1
LF:37
LH:37
BRDA:13,0,0,2
BRDA:17,1,0,1
BRDA:24,2,0,2
BRDA:24,2,1,1
BRDA:36,3,0,2
BRDA:40,4,0,6
BRDA:40,5,0,14
BRDA:40,5,1,13
BRDA:45,6,0,3
BRDA:51,7,0,2
BRDA:66,8,0,2
BRDA:66,8,1,1
BRDA:78,9,0,2
BRDA:82,10,0,2
BRDA:93,11,0,2
BRDA:93,11,1,1
BRF:16
BRH:16
end_of_record
TN:
SF:src\models\feeling.model.ts
FN:42,(anonymous_6)
FN:64,(anonymous_7)
FNF:2
FNH:0
FNDA:0,(anonymous_6)
FNDA:0,(anonymous_7)
DA:1,2
DA:4,2
DA:28,2
DA:30,2
DA:42,0
DA:65,0
DA:66,0
DA:67,0
DA:74,2
DA:77,2
DA:80,2
DA:83,2
LF:12
LH:8
BRDA:80,0,0,2
BRDA:80,0,1,2
BRF:2
BRH:2
end_of_record
TN:
SF:src\models\feeling_bot.model.ts
FN:50,(anonymous_6)
FN:58,(anonymous_7)
FN:66,(anonymous_8)
FNF:3
FNH:0
FNDA:0,(anonymous_6)
FNDA:0,(anonymous_7)
FNDA:0,(anonymous_8)
DA:1,1
DA:23,1
DA:31,1
DA:51,0
DA:52,0
DA:53,0
DA:56,0
DA:57,0
DA:58,0
DA:66,0
DA:67,0
DA:75,1
DA:78,1
DA:81,1
LF:14
LH:6
BRDA:56,0,0,0
BRDA:56,1,0,0
BRDA:56,1,1,0
BRDA:66,2,0,0
BRDA:66,2,1,0
BRDA:66,3,0,0
BRDA:66,3,1,0
BRDA:78,4,0,1
BRDA:78,4,1,1
BRF:9
BRH:2
end_of_record
TN:
SF:src\routes\feeling.routes.ts
FNF:0
FNH:0
DA:1,1
DA:2,1
DA:3,1
DA:5,1
DA:8,1
DA:15,1
DA:16,1
DA:22,1
DA:29,1
DA:30,1
DA:32,1
LF:11
LH:11
BRF:0
BRH:0
end_of_record
TN:
SF:src\routes\feeling_bot.routes.ts
FNF:0
FNH:0
DA:1,1
DA:2,1
DA:3,1
DA:5,1
DA:8,1
DA:10,1
DA:12,1
DA:14,1
DA:16,1
LF:9
LH:9
BRF:0
BRH:0
end_of_record
